Using pre-set license
Built from '2020.3/staging' branch; Version is '2020.3.38f1 (8f5fde82e2dc) revision 9396190'; Using compiler version '192528614'; Build Type 'Release'
OS: 'Windows 11  (10.0.22621) 64bit Core' Language: 'ko' Physical Memory: 16246 MB
BatchMode: 1, IsHumanControllingUs: 0, StartBugReporterOnCrash: 0, Is64bit: 1, IsPro: 0

COMMAND LINE ARGUMENTS:
C:\Program Files\Unity\Hub\Editor\2020.3.38f1\Editor\Unity.exe
-adb2
-batchMode
-noUpm
-name
AssetImportWorker0
-projectPath
C:/Users/82102/Documents/GitHub/FindMySelfEsteem
-logFile
Logs/AssetImportWorker0.log
-srvPort
54165
Successfully changed project path to: C:/Users/82102/Documents/GitHub/FindMySelfEsteem
C:/Users/82102/Documents/GitHub/FindMySelfEsteem
Using Asset Import Pipeline V2.
Refreshing native plugins compatible for Editor in 76.46 ms, found 2 plugins.
Preloading 0 native plugins for Editor in 0.00 ms.
Initialize engine version: 2020.3.38f1 (8f5fde82e2dc)
[Subsystems] Discovering subsystems at path C:/Program Files/Unity/Hub/Editor/2020.3.38f1/Editor/Data/Resources/UnitySubsystems
[Subsystems] Discovering subsystems at path C:/Users/82102/Documents/GitHub/FindMySelfEsteem/Assets
GfxDevice: creating device client; threaded=0
Direct3D:
    Version:  Direct3D 11.0 [level 11.1]
    Renderer: NVIDIA GeForce GTX 1050 (ID=0x1c91)
    Vendor:   
    VRAM:     2999 MB
    Driver:   26.21.14.4145
Initialize mono
Mono path[0] = 'C:/Program Files/Unity/Hub/Editor/2020.3.38f1/Editor/Data/Managed'
Mono path[1] = 'C:/Program Files/Unity/Hub/Editor/2020.3.38f1/Editor/Data/MonoBleedingEdge/lib/mono/unityjit'
Mono config path = 'C:/Program Files/Unity/Hub/Editor/2020.3.38f1/Editor/Data/MonoBleedingEdge/etc'
Using monoOptions --debugger-agent=transport=dt_socket,embedding=1,server=y,suspend=n,address=127.0.0.1:56956
Begin MonoManager ReloadAssembly
Registering precompiled unity dll's ...
Register platform support module: C:/Program Files/Unity/Hub/Editor/2020.3.38f1/Editor/Data/PlaybackEngines/WindowsStandaloneSupport/UnityEditor.WindowsStandalone.Extensions.dll
Registered in 0.005279 seconds.
Native extension for WindowsStandalone target not found
Refreshing native plugins compatible for Editor in 51.52 ms, found 2 plugins.
Preloading 0 native plugins for Editor in 0.00 ms.
Mono: successfully reloaded assembly
- Completed reload, in  1.117 seconds
Domain Reload Profiling:
	ReloadAssembly (1117ms)
		BeginReloadAssembly (181ms)
			ExecutionOrderSort (0ms)
			DisableScriptedObjects (0ms)
			BackupInstance (0ms)
			ReleaseScriptingObjects (0ms)
			CreateAndSetChildDomain (1ms)
		EndReloadAssembly (767ms)
			LoadAssemblies (174ms)
			RebuildTransferFunctionScriptingTraits (0ms)
			SetupTypeCache (237ms)
			ReleaseScriptCaches (0ms)
			RebuildScriptCaches (50ms)
			SetupLoadedEditorAssemblies (259ms)
				LogAssemblyErrors (0ms)
				InitializePlatformSupportModulesInManaged (6ms)
				SetLoadedEditorAssemblies (0ms)
				RefreshPlugins (52ms)
				BeforeProcessingInitializeOnLoad (11ms)
				ProcessInitializeOnLoadAttributes (137ms)
				ProcessInitializeOnLoadMethodAttributes (52ms)
				AfterProcessingInitializeOnLoad (0ms)
				EditorAssembliesLoaded (1ms)
			ExecutionOrderSort2 (0ms)
			AwakeInstancesAfterBackupRestoration (0ms)
Platform modules already initialized, skipping
Registering precompiled user dll's ...
Registered in 0.005645 seconds.
Begin MonoManager ReloadAssembly
Native extension for WindowsStandalone target not found
Refreshing native plugins compatible for Editor in 0.67 ms, found 2 plugins.
Preloading 0 native plugins for Editor in 0.00 ms.
Mono: successfully reloaded assembly
- Completed reload, in  1.694 seconds
Domain Reload Profiling:
	ReloadAssembly (1696ms)
		BeginReloadAssembly (244ms)
			ExecutionOrderSort (0ms)
			DisableScriptedObjects (11ms)
			BackupInstance (0ms)
			ReleaseScriptingObjects (0ms)
			CreateAndSetChildDomain (26ms)
		EndReloadAssembly (1359ms)
			LoadAssemblies (185ms)
			RebuildTransferFunctionScriptingTraits (0ms)
			SetupTypeCache (533ms)
			ReleaseScriptCaches (0ms)
			RebuildScriptCaches (58ms)
			SetupLoadedEditorAssemblies (469ms)
				LogAssemblyErrors (0ms)
				InitializePlatformSupportModulesInManaged (9ms)
				SetLoadedEditorAssemblies (1ms)
				RefreshPlugins (1ms)
				BeforeProcessingInitializeOnLoad (80ms)
				ProcessInitializeOnLoadAttributes (333ms)
				ProcessInitializeOnLoadMethodAttributes (28ms)
				AfterProcessingInitializeOnLoad (17ms)
				EditorAssembliesLoaded (1ms)
			ExecutionOrderSort2 (0ms)
			AwakeInstancesAfterBackupRestoration (5ms)
Platform modules already initialized, skipping
========================================================================
Worker process is ready to serve import requests
Launched and connected shader compiler UnityShaderCompiler.exe after 0.13 seconds
Refreshing native plugins compatible for Editor in 0.40 ms, found 2 plugins.
Preloading 0 native plugins for Editor in 0.00 ms.
Unloading 1521 Unused Serialized files (Serialized files now loaded: 0)
System memory in use before: 69.2 MB.
System memory in use after: 69.2 MB.

Unloading 17 unused Assets to reduce memory usage. Loaded Objects now: 1957.
Total: 3.656300 ms (FindLiveObjects: 0.204400 ms CreateObjectMapping: 0.099700 ms MarkObjects: 3.251500 ms  DeleteObjects: 0.099600 ms)

AssetImportParameters requested are different than current active one (requested -> active):
  custom:framework-win-MediaFoundation: 216162199b28c13a410421893ffa2e32 -> 
  custom:video-decoder-ogg-theora: a1e56fd34408186e4bbccfd4996cb3dc -> 
  custom:container-muxer-webm: aa71ff27fc2769a1b78a27578f13a17b -> 
  custom:container-demuxer-webm: 4f35f7cbe854078d1ac9338744f61a02 -> 
  custom:container-demuxer-ogg: 62fdf1f143b41e24485cea50d1cbac27 -> 
  custom:video-encoder-webm-vp8: eb34c28f22e8b96e1ab97ce403110664 -> 
  custom:video-decoder-webm-vp8: 9c59270c3fd7afecdb556c50c9e8de78 -> 
  custom:audio-decoder-ogg-vorbis: bf7c407c2cedff20999df2af8eb42d56 -> 
  custom:audio-encoder-webm-vorbis: bf7c407c2cedff20999df2af8eb42d56 -> 
========================================================================
Received Import Request.
  path: Assets/Texture
  artifactKey: Guid(0d459c3be1a2efe498cfd4ea78c6be4d) Importer(815301076,1909f56bfc062723c751e8b465ee728b)
Start importing Assets/Texture using Guid(0d459c3be1a2efe498cfd4ea78c6be4d) Importer(815301076,1909f56bfc062723c751e8b465ee728b)  -> (artifact id: 'ffd139f23c562553c2a1e1b55664bb2b') in 0.015355 seconds 
========================================================================
Received Import Request.
  Time since last request: 0.000480 seconds.
  path: Assets/Texture/Grid.png
  artifactKey: Guid(1e97e278a34d96744bc654758887ef14) Importer(815301076,1909f56bfc062723c751e8b465ee728b)
Start importing Assets/Texture/Grid.png using Guid(1e97e278a34d96744bc654758887ef14) Importer(815301076,1909f56bfc062723c751e8b465ee728b)  -> (artifact id: 'a105093ff316b9096f59b41673475ad1') in 0.202627 seconds 
========================================================================
Received Import Request.
  Time since last request: 102.860999 seconds.
  path: Assets/Texture/Materials/Grid.mat
  artifactKey: Guid(952e7363ad8854e47b77cd75b10996f6) Importer(815301076,1909f56bfc062723c751e8b465ee728b)
Start importing Assets/Texture/Materials/Grid.mat using Guid(952e7363ad8854e47b77cd75b10996f6) Importer(815301076,1909f56bfc062723c751e8b465ee728b)  -> (artifact id: '69f4e3c86848d62bd1e266deef990ad6') in 0.263115 seconds 
========================================================================
Received Import Request.
  Time since last request: 72.628126 seconds.
  path: Assets/Texture/Materials
  artifactKey: Guid(a883ed0bc91a1604199cdc6b1092fd4c) Importer(815301076,1909f56bfc062723c751e8b465ee728b)
Start importing Assets/Texture/Materials using Guid(a883ed0bc91a1604199cdc6b1092fd4c) Importer(815301076,1909f56bfc062723c751e8b465ee728b)  -> (artifact id: '0d55ac5083b457327bdf8095676b1690') in 0.013268 seconds 
========================================================================
Received Import Request.
  Time since last request: 392.757156 seconds.
  path: Assets/Texture/Materials/New Material.mat
  artifactKey: Guid(9fa4036fb642a9e438dfd67b2359f34f) Importer(815301076,1909f56bfc062723c751e8b465ee728b)
Start importing Assets/Texture/Materials/New Material.mat using Guid(9fa4036fb642a9e438dfd67b2359f34f) Importer(815301076,1909f56bfc062723c751e8b465ee728b)  -> (artifact id: '543e6ac70b21d99e6dc531bcfb180559') in 0.028810 seconds 
========================================================================
Received Import Request.
  Time since last request: 286.839483 seconds.
  path: Assets/Texture/Grid.png
  artifactKey: Guid(1e97e278a34d96744bc654758887ef14) Importer(815301076,1909f56bfc062723c751e8b465ee728b)
Start importing Assets/Texture/Grid.png using Guid(1e97e278a34d96744bc654758887ef14) Importer(815301076,1909f56bfc062723c751e8b465ee728b)  -> (artifact id: 'b434ff8c5e2496cd6db8531e2ca9c742') in 0.058009 seconds 
========================================================================
Received Import Request.
  Time since last request: 26.233418 seconds.
  path: Assets/Texture/Grid.png
  artifactKey: Guid(1e97e278a34d96744bc654758887ef14) Importer(815301076,1909f56bfc062723c751e8b465ee728b)
Start importing Assets/Texture/Grid.png using Guid(1e97e278a34d96744bc654758887ef14) Importer(815301076,1909f56bfc062723c751e8b465ee728b)  -> (artifact id: '98450656bbc6cb89ff741c3a11c2f66d') in 0.023497 seconds 
========================================================================
Received Import Request.
  Time since last request: 84.077399 seconds.
  path: Assets/Texture/Grid.png
  artifactKey: Guid(1e97e278a34d96744bc654758887ef14) Importer(815301076,1909f56bfc062723c751e8b465ee728b)
Start importing Assets/Texture/Grid.png using Guid(1e97e278a34d96744bc654758887ef14) Importer(815301076,1909f56bfc062723c751e8b465ee728b)  -> (artifact id: 'f77f13a76ac8b2977913b8fc2cc7d2d2') in 0.025985 seconds 
========================================================================
Received Import Request.
  Time since last request: 61.839173 seconds.
  path: Assets/Texture/Grid.png
  artifactKey: Guid(1e97e278a34d96744bc654758887ef14) Importer(815301076,1909f56bfc062723c751e8b465ee728b)
Start importing Assets/Texture/Grid.png using Guid(1e97e278a34d96744bc654758887ef14) Importer(815301076,1909f56bfc062723c751e8b465ee728b)  -> (artifact id: '4686c70d3e6330a82de92a6f6c78ac60') in 0.048723 seconds 
========================================================================
Received Import Request.
  Time since last request: 5236.089248 seconds.
  path: Assets/Texture/Grid.png
  artifactKey: Guid(1e97e278a34d96744bc654758887ef14) Importer(815301076,1909f56bfc062723c751e8b465ee728b)
Start importing Assets/Texture/Grid.png using Guid(1e97e278a34d96744bc654758887ef14) Importer(815301076,1909f56bfc062723c751e8b465ee728b)  -> (artifact id: '79b0b58c05813d7b060049a7ecb82ca5') in 0.089675 seconds 
AssetImportWorkerClient::OnTransportError - code=2 error=End of file
